TN:
SF:app.js
FNF:0
FNH:0
DA:1,3
DA:2,3
DA:4,3
DA:5,3
DA:6,3
DA:8,3
DA:10,3
DA:11,3
DA:13,3
DA:14,3
DA:15,3
DA:17,3
LF:12
LH:12
BRF:0
BRH:0
end_of_record
TN:
SF:middleware\authMiddleware.js
FN:4,(anonymous_0)
FN:12,(anonymous_1)
FN:25,(anonymous_2)
FN:26,(anonymous_3)
FNF:4
FNH:4
FNDA:18,(anonymous_0)
FNDA:16,(anonymous_1)
FNDA:20,(anonymous_2)
FNDA:16,(anonymous_3)
DA:1,4
DA:4,4
DA:5,18
DA:6,18
DA:8,18
DA:9,2
DA:12,16
DA:13,16
DA:14,1
DA:15,0
DA:17,1
DA:19,15
DA:20,15
DA:25,4
DA:26,20
DA:27,16
DA:28,5
DA:30,11
DA:34,4
LF:19
LH:18
BRDA:6,0,0,18
BRDA:6,0,1,16
BRDA:8,1,0,2
BRDA:8,1,1,16
BRDA:13,2,0,1
BRDA:13,2,1,15
BRDA:14,3,0,0
BRDA:14,3,1,1
BRDA:27,4,0,5
BRDA:27,4,1,11
BRF:10
BRH:9
end_of_record
TN:
SF:models\Book.js
FNF:0
FNH:0
DA:1,3
DA:3,3
DA:11,3
LF:3
LH:3
BRF:0
BRH:0
end_of_record
TN:
SF:models\User.js
FNF:0
FNH:0
DA:1,4
DA:3,4
DA:28,4
LF:3
LH:3
BRF:0
BRH:0
end_of_record
TN:
SF:routes\auth.js
FN:9,(anonymous_0)
FN:45,(anonymous_1)
FNF:2
FNH:2
FNDA:2,(anonymous_0)
FNDA:3,(anonymous_1)
DA:1,3
DA:2,3
DA:3,3
DA:4,3
DA:6,3
DA:9,3
DA:10,2
DA:11,2
DA:13,2
DA:14,0
DA:17,2
DA:19,0
DA:23,2
DA:24,2
DA:25,1
DA:29,1
DA:31,1
DA:37,1
DA:39,0
DA:45,3
DA:46,3
DA:47,3
DA:49,3
DA:50,0
DA:53,3
DA:54,3
DA:55,1
DA:58,2
DA:59,2
DA:60,1
DA:64,1
DA:65,1
DA:66,1
DA:70,0
DA:76,0
DA:82,0
DA:83,0
DA:87,3
LF:38
LH:30
BRDA:13,0,0,0
BRDA:13,0,1,2
BRDA:13,1,0,2
BRDA:13,1,1,2
BRDA:17,2,0,0
BRDA:17,2,1,2
BRDA:24,3,0,1
BRDA:24,3,1,1
BRDA:49,4,0,0
BRDA:49,4,1,3
BRDA:49,5,0,3
BRDA:49,5,1,3
BRDA:54,6,0,1
BRDA:54,6,1,2
BRDA:59,7,0,1
BRDA:59,7,1,1
BRDA:64,8,0,1
BRDA:64,8,1,0
BRF:18
BRH:14
end_of_record
TN:
SF:routes\books.js
FN:8,(anonymous_0)
FN:18,(anonymous_1)
FN:29,(anonymous_2)
FN:41,(anonymous_3)
FNF:4
FNH:4
FNDA:1,(anonymous_0)
FNDA:2,(anonymous_1)
FNDA:2,(anonymous_2)
FNDA:2,(anonymous_3)
DA:1,3
DA:2,3
DA:3,3
DA:5,3
DA:8,3
DA:9,1
DA:10,1
DA:11,1
DA:13,0
DA:18,3
DA:19,2
DA:20,2
DA:21,2
DA:22,2
DA:24,0
DA:29,3
DA:30,2
DA:31,2
DA:32,2
DA:33,2
DA:34,1
DA:36,0
DA:41,3
DA:42,2
DA:43,2
DA:44,2
DA:45,1
DA:47,0
DA:51,3
LF:29
LH:25
BRDA:33,0,0,1
BRDA:33,0,1,1
BRDA:44,1,0,1
BRDA:44,1,1,1
BRF:4
BRH:4
end_of_record
TN:
SF:routes\users.js
FN:8,(anonymous_0)
FN:18,(anonymous_1)
FNF:2
FNH:2
FNDA:1,(anonymous_0)
FNDA:2,(anonymous_1)
DA:1,3
DA:2,3
DA:3,3
DA:5,3
DA:8,3
DA:9,1
DA:10,1
DA:11,1
DA:13,0
DA:18,3
DA:19,2
DA:20,2
DA:21,2
DA:22,1
DA:25,1
DA:31,1
DA:32,0
DA:35,1
DA:37,0
DA:41,3
LF:20
LH:17
BRDA:21,0,0,1
BRDA:21,0,1,1
BRDA:31,1,0,0
BRDA:31,1,1,1
BRF:4
BRH:3
end_of_record
